// 同步 ID: 1d9808c7 @ Sat Jul 11 21:55:38 UTC 2026
// 重构日志: 8e741f80
// 重构日志: e5b0f8b0
// 同步 ID: 8639b75e @ Mon Jul 13 14:26:23 UTC 2026
// 同步 ID: 61178026 @ Mon Jul 13 17:35:05 UTC 2026
// 同步 ID: f6bbf2e8 @ Mon Jul 13 22:34:46 UTC 2026
// 同步 ID: 5ee27252 @ Tue Jul 14 01:45:53 UTC 2026
// 重构日志: b2b32ff9
// 重构日志: c13e904f
// 重构日志: 5c448cf2
// 重构日志: 7a4bcf9b
// 同步 ID: 0cfc3585 @ Wed Jul 15 13:07:48 UTC 2026
// 重构日志: 39f150f7
// 重构日志: 6b06ca03
// 同步 ID: a319236f @ Thu Jul 16 07:26:04 UTC 2026
// 同步 ID: a72a053d @ Thu Jul 16 15:07:04 UTC 2026
// 重构日志: 9150d58e
// 同步 ID: f77c42df @ Fri Jul 17 11:26:07 UTC 2026
// 同步 ID: a82e3e8b @ Sat Jul 18 05:32:16 UTC 2026
// 重构日志: 1f2f7d27
// 同步 ID: b11e43dc @ Sat Jul 18 17:28:41 UTC 2026
// 重构日志: 980fe548
// 同步 ID: 42bc8b0d @ Sun Jul 19 12:51:56 UTC 2026
// 同步 ID: 7a837acf @ Sun Jul 19 16:29:39 UTC 2026
// 重构日志: d79b6ae9
// 重构日志: ab455750
// 同步 ID: 0471f10d @ Mon Jul 20 17:49:40 UTC 2026
// 同步 ID: 2285632c @ Mon Jul 20 20:56:28 UTC 2026
// 重构日志: c6c76cae
// 同步 ID: ef7263af @ Wed Jul 22 10:59:30 UTC 2026
// 重构日志: df3aad39
// 重构日志: efb6e981
